c:\users\nicol\onedrive - groupe esiea\4a\1- technique\optimisation\leberre\optimisation_combinatoire\optimisation_combinatoire\x64\debug\vc142.pdb
c:\users\nicol\onedrive - groupe esiea\4a\1- technique\optimisation\leberre\optimisation_combinatoire\optimisation_combinatoire\x64\debug\vc142.idb
c:\users\nicol\onedrive - groupe esiea\4a\1- technique\optimisation\leberre\optimisation_combinatoire\optimisation_combinatoire\x64\debug\parsercapteur.obj
c:\users\nicol\onedrive - groupe esiea\4a\1- technique\optimisation\leberre\optimisation_combinatoire\optimisation_combinatoire\x64\debug\glouton.obj
c:\users\nicol\onedrive - groupe esiea\4a\1- technique\optimisation\leberre\optimisation_combinatoire\optimisation_combinatoire\x64\debug\main.obj
c:\users\nicol\onedrive - groupe esiea\4a\1- technique\optimisation\leberre\optimisation_combinatoire\optimisation_combinatoire\x64\debug\genetique.obj
c:\users\nicol\onedrive - groupe esiea\4a\1- technique\optimisation\leberre\optimisation_combinatoire\x64\debug\optimisation_combinatoire.pdb
c:\users\nicol\onedrive - groupe esiea\4a\1- technique\optimisation\leberre\optimisation_combinatoire\optimisation_combinatoire\x64\debug\optimisa.c3228c95.tlog\cl.command.1.tlog
c:\users\nicol\onedrive - groupe esiea\4a\1- technique\optimisation\leberre\optimisation_combinatoire\optimisation_combinatoire\x64\debug\optimisa.c3228c95.tlog\cl.read.1.tlog
c:\users\nicol\onedrive - groupe esiea\4a\1- technique\optimisation\leberre\optimisation_combinatoire\optimisation_combinatoire\x64\debug\optimisa.c3228c95.tlog\cl.write.1.tlog
c:\users\nicol\onedrive - groupe esiea\4a\1- technique\optimisation\leberre\optimisation_combinatoire\optimisation_combinatoire\x64\debug\optimisa.c3228c95.tlog\link-cvtres.read.1.tlog
c:\users\nicol\onedrive - groupe esiea\4a\1- technique\optimisation\leberre\optimisation_combinatoire\optimisation_combinatoire\x64\debug\optimisa.c3228c95.tlog\link-cvtres.write.1.tlog
c:\users\nicol\onedrive - groupe esiea\4a\1- technique\optimisation\leberre\optimisation_combinatoire\optimisation_combinatoire\x64\debug\optimisa.c3228c95.tlog\link-rc.read.1.tlog
c:\users\nicol\onedrive - groupe esiea\4a\1- technique\optimisation\leberre\optimisation_combinatoire\optimisation_combinatoire\x64\debug\optimisa.c3228c95.tlog\link-rc.write.1.tlog
c:\users\nicol\onedrive - groupe esiea\4a\1- technique\optimisation\leberre\optimisation_combinatoire\optimisation_combinatoire\x64\debug\optimisa.c3228c95.tlog\link.12124-cvtres.read.1.tlog
c:\users\nicol\onedrive - groupe esiea\4a\1- technique\optimisation\leberre\optimisation_combinatoire\optimisation_combinatoire\x64\debug\optimisa.c3228c95.tlog\link.12124-cvtres.write.1.tlog
c:\users\nicol\onedrive - groupe esiea\4a\1- technique\optimisation\leberre\optimisation_combinatoire\optimisation_combinatoire\x64\debug\optimisa.c3228c95.tlog\link.12124-rc.read.1.tlog
c:\users\nicol\onedrive - groupe esiea\4a\1- technique\optimisation\leberre\optimisation_combinatoire\optimisation_combinatoire\x64\debug\optimisa.c3228c95.tlog\link.12124-rc.write.1.tlog
c:\users\nicol\onedrive - groupe esiea\4a\1- technique\optimisation\leberre\optimisation_combinatoire\optimisation_combinatoire\x64\debug\optimisa.c3228c95.tlog\link.12124.read.1.tlog
c:\users\nicol\onedrive - groupe esiea\4a\1- technique\optimisation\leberre\optimisation_combinatoire\optimisation_combinatoire\x64\debug\optimisa.c3228c95.tlog\link.12124.write.1.tlog
c:\users\nicol\onedrive - groupe esiea\4a\1- technique\optimisation\leberre\optimisation_combinatoire\optimisation_combinatoire\x64\debug\optimisa.c3228c95.tlog\link.command.1.tlog
c:\users\nicol\onedrive - groupe esiea\4a\1- technique\optimisation\leberre\optimisation_combinatoire\optimisation_combinatoire\x64\debug\optimisa.c3228c95.tlog\link.read.1.tlog
c:\users\nicol\onedrive - groupe esiea\4a\1- technique\optimisation\leberre\optimisation_combinatoire\optimisation_combinatoire\x64\debug\optimisa.c3228c95.tlog\link.write.1.tlog
